0 info it worked if it ends with ok
1 verbose cli [ '/usr/bin/node', '/usr/bin/npm', 'update', '-g', 'ungit' ]
2 info using npm@1.3.8
3 info using node@v0.10.18
4 verbose node symlink /usr/bin/node
5 verbose cache add [ 'ungit', '*' ]
6 verbose cache add name="ungit" spec="*" args=["ungit","*"]
7 verbose parsed url { protocol: null,
7 verbose parsed url   slashes: null,
7 verbose parsed url   auth: null,
7 verbose parsed url   host: null,
7 verbose parsed url   port: null,
7 verbose parsed url   hostname: null,
7 verbose parsed url   hash: null,
7 verbose parsed url   search: null,
7 verbose parsed url   query: null,
7 verbose parsed url   pathname: '*',
7 verbose parsed url   path: '*',
7 verbose parsed url   href: '*' }
8 verbose addNamed [ 'ungit', '*' ]
9 verbose addNamed [ null, '*' ]
10 silly lockFile cfb0c8f1-ungit ungit@*
11 verbose lock ungit@* /home/william/.npm/cfb0c8f1-ungit.lock
12 silly addNameRange { name: 'ungit', range: '*', hasData: false }
13 verbose url raw ungit
14 verbose url resolving [ 'https://registry.npmjs.org/', './ungit' ]
15 verbose url resolved https://registry.npmjs.org/ungit
16 info trying registry request attempt 1 at 21:52:25
17 verbose etag "8DFBGET8ZY28F5HOYIY807KA0"
18 http GET https://registry.npmjs.org/ungit
19 http 304 https://registry.npmjs.org/ungit
20 silly registry.get cb [ 304,
20 silly registry.get   { server: 'CouchDB/1.3.1 (Erlang OTP/R15B03)',
20 silly registry.get     etag: '"8DFBGET8ZY28F5HOYIY807KA0"',
20 silly registry.get     date: 'Thu, 12 Sep 2013 20:52:26 GMT',
20 silly registry.get     'content-length': '0' } ]
21 verbose etag ungit from cache
22 silly addNameRange number 2 { name: 'ungit', range: '*', hasData: true }
23 silly addNameRange versions [ 'ungit',
23 silly addNameRange   [ '0.1.0',
23 silly addNameRange     '0.1.1',
23 silly addNameRange     '0.1.2',
23 silly addNameRange     '0.1.3',
23 silly addNameRange     '0.1.4',
23 silly addNameRange     '0.1.5',
23 silly addNameRange     '0.1.6',
23 silly addNameRange     '0.1.7',
23 silly addNameRange     '0.1.8',
23 silly addNameRange     '0.1.9' ] ]
24 verbose addNamed [ 'ungit', '0.1.9' ]
25 verbose addNamed [ '0.1.9', '0.1.9' ]
26 silly lockFile 4c99bd15-ungit-0-1-9 ungit@0.1.9
27 verbose lock ungit@0.1.9 /home/william/.npm/4c99bd15-ungit-0-1-9.lock
28 silly lockFile 70c640f5--npmjs-org-ungit-ungit-0-1-9-tgz https://registry.npmjs.org/ungit/-/ungit-0.1.9.tgz
29 verbose lock https://registry.npmjs.org/ungit/-/ungit-0.1.9.tgz /home/william/.npm/70c640f5--npmjs-org-ungit-ungit-0-1-9-tgz.lock
30 verbose addRemoteTarball [ 'https://registry.npmjs.org/ungit/-/ungit-0.1.9.tgz',
30 verbose addRemoteTarball   'baaf00ecf4313123f9d2770048c938d47d461896' ]
31 info retry fetch attempt 1 at 21:52:26
32 verbose fetch to= /home/william/tmp/npm-7513-26JXNt0T/1379019146523-0.5388509454205632/tmp.tgz
33 http GET https://registry.npmjs.org/ungit/-/ungit-0.1.9.tgz
34 http 200 https://registry.npmjs.org/ungit/-/ungit-0.1.9.tgz
35 verbose tar unpack /home/william/tmp/npm-7513-26JXNt0T/1379019146523-0.5388509454205632/tmp.tgz
36 silly lockFile 371d1526-46523-0-5388509454205632-package tar:///home/william/tmp/npm-7513-26JXNt0T/1379019146523-0.5388509454205632/package
37 verbose lock tar:///home/william/tmp/npm-7513-26JXNt0T/1379019146523-0.5388509454205632/package /home/william/.npm/371d1526-46523-0-5388509454205632-package.lock
38 silly lockFile 65be13c1-46523-0-5388509454205632-tmp-tgz tar:///home/william/tmp/npm-7513-26JXNt0T/1379019146523-0.5388509454205632/tmp.tgz
39 verbose lock tar:///home/william/tmp/npm-7513-26JXNt0T/1379019146523-0.5388509454205632/tmp.tgz /home/william/.npm/65be13c1-46523-0-5388509454205632-tmp-tgz.lock
40 silly gunzTarPerm modes [ '755', '644' ]
41 silly gunzTarPerm extractEntry package.json
42 silly gunzTarPerm modified mode [ 'package.json', 438, 420 ]
43 silly gunzTarPerm extractEntry .npmignore
44 silly gunzTarPerm modified mode [ '.npmignore', 438, 420 ]
45 silly gunzTarPerm extractEntry README.md
46 silly gunzTarPerm modified mode [ 'README.md', 438, 420 ]
47 silly gunzTarPerm extractEntry clicktests/clicktests.js
48 silly gunzTarPerm modified mode [ 'clicktests/clicktests.js', 438, 420 ]
49 silly gunzTarPerm extractEntry bin/credentials-helper
50 silly gunzTarPerm modified mode [ 'bin/credentials-helper', 438, 420 ]
51 silly gunzTarPerm extractEntry bin/ungit
52 silly gunzTarPerm modified mode [ 'bin/ungit', 438, 420 ]
53 silly gunzTarPerm extractEntry .nodemonignore
54 silly gunzTarPerm modified mode [ '.nodemonignore', 438, 420 ]
55 silly gunzTarPerm extractEntry .travis.yml
56 silly gunzTarPerm modified mode [ '.travis.yml', 438, 420 ]
57 silly gunzTarPerm extractEntry public/css/styles.css
58 silly gunzTarPerm modified mode [ 'public/css/styles.css', 438, 420 ]
59 silly gunzTarPerm extractEntry public/favicon.ico
60 silly gunzTarPerm modified mode [ 'public/favicon.ico', 438, 420 ]
61 silly gunzTarPerm extractEntry public/fonts/glyphiconshalflings-regular.eot
62 silly gunzTarPerm modified mode [ 'public/fonts/glyphiconshalflings-regular.eot', 438, 420 ]
63 silly gunzTarPerm extractEntry public/fonts/glyphiconshalflings-regular.otf
64 silly gunzTarPerm modified mode [ 'public/fonts/glyphiconshalflings-regular.otf', 438, 420 ]
65 silly gunzTarPerm extractEntry public/fonts/glyphiconshalflings-regular.svg
66 silly gunzTarPerm modified mode [ 'public/fonts/glyphiconshalflings-regular.svg', 438, 420 ]
67 silly gunzTarPerm extractEntry public/fonts/glyphiconshalflings-regular.ttf
68 silly gunzTarPerm modified mode [ 'public/fonts/glyphiconshalflings-regular.ttf', 438, 420 ]
69 silly gunzTarPerm extractEntry public/fonts/glyphiconshalflings-regular.woff
70 silly gunzTarPerm modified mode [ 'public/fonts/glyphiconshalflings-regular.woff', 438, 420 ]
71 silly gunzTarPerm extractEntry public/fonts/OpenSans.woff
72 silly gunzTarPerm modified mode [ 'public/fonts/OpenSans.woff', 438, 420 ]
73 silly gunzTarPerm extractEntry public/fonts/SourceCodePro-Medium.woff
74 silly gunzTarPerm modified mode [ 'public/fonts/SourceCodePro-Medium.woff', 438, 420 ]
75 silly gunzTarPerm extractEntry public/images/branchIcon.png
76 silly gunzTarPerm modified mode [ 'public/images/branchIcon.png', 438, 420 ]
77 silly gunzTarPerm extractEntry public/images/logBoxHoverArrowRight.png
78 silly gunzTarPerm modified mode [ 'public/images/logBoxHoverArrowRight.png', 438, 420 ]
79 silly gunzTarPerm extractEntry public/images/logo.png
80 silly gunzTarPerm modified mode [ 'public/images/logo.png', 438, 420 ]
81 silly gunzTarPerm extractEntry public/images/logoLarge.png
82 silly gunzTarPerm modified mode [ 'public/images/logoLarge.png', 438, 420 ]
83 silly gunzTarPerm extractEntry public/images/panelArrowRight.png
84 silly gunzTarPerm modified mode [ 'public/images/panelArrowRight.png', 438, 420 ]
85 silly gunzTarPerm extractEntry public/images/remoteIcon.png
86 silly gunzTarPerm modified mode [ 'public/images/remoteIcon.png', 438, 420 ]
87 silly gunzTarPerm extractEntry public/images/repositoryBackgroundArrowUp.png
88 silly gunzTarPerm modified mode [ 'public/images/repositoryBackgroundArrowUp.png', 438, 420 ]
89 silly gunzTarPerm extractEntry public/images/shadowArrowRight.png
90 silly gunzTarPerm modified mode [ 'public/images/shadowArrowRight.png', 438, 420 ]
91 silly gunzTarPerm extractEntry public/images/stagingArrowDown.png
92 silly gunzTarPerm modified mode [ 'public/images/stagingArrowDown.png', 438, 420 ]
93 silly gunzTarPerm extractEntry public/images/tagIcon.png
94 silly gunzTarPerm modified mode [ 'public/images/tagIcon.png', 438, 420 ]
95 silly gunzTarPerm extractEntry public/index.html
96 silly gunzTarPerm modified mode [ 'public/index.html', 438, 420 ]
97 silly gunzTarPerm extractEntry public/js/bugsense.js
98 silly gunzTarPerm modified mode [ 'public/js/bugsense.js', 438, 420 ]
99 silly gunzTarPerm extractEntry public/js/ungit.js
100 silly gunzTarPerm modified mode [ 'public/js/ungit.js', 438, 420 ]
101 silly gunzTarPerm extractEntry assets/client/images/branchIcon.png
102 silly gunzTarPerm modified mode [ 'assets/client/images/branchIcon.png', 438, 420 ]
103 silly gunzTarPerm extractEntry assets/client/images/logBoxHoverArrowRight.png
104 silly gunzTarPerm modified mode [ 'assets/client/images/logBoxHoverArrowRight.png', 438, 420 ]
105 silly gunzTarPerm extractEntry assets/client/images/logo.png
106 silly gunzTarPerm modified mode [ 'assets/client/images/logo.png', 438, 420 ]
107 silly gunzTarPerm extractEntry assets/client/images/logoLarge.png
108 silly gunzTarPerm modified mode [ 'assets/client/images/logoLarge.png', 438, 420 ]
109 silly gunzTarPerm extractEntry assets/client/images/panelArrowRight.png
110 silly gunzTarPerm modified mode [ 'assets/client/images/panelArrowRight.png', 438, 420 ]
111 silly gunzTarPerm extractEntry assets/client/images/remoteIcon.png
112 silly gunzTarPerm modified mode [ 'assets/client/images/remoteIcon.png', 438, 420 ]
113 silly gunzTarPerm extractEntry assets/client/images/repositoryBackgroundArrowUp.png
114 silly gunzTarPerm modified mode [ 'assets/client/images/repositoryBackgroundArrowUp.png',
114 silly gunzTarPerm   438,
114 silly gunzTarPerm   420 ]
115 silly gunzTarPerm extractEntry assets/client/images/shadowArrowRight.png
116 silly gunzTarPerm modified mode [ 'assets/client/images/shadowArrowRight.png', 438, 420 ]
117 silly gunzTarPerm extractEntry assets/client/images/stagingArrowDown.png
118 silly gunzTarPerm modified mode [ 'assets/client/images/stagingArrowDown.png', 438, 420 ]
119 silly gunzTarPerm extractEntry assets/client/images/tagIcon.png
120 silly gunzTarPerm modified mode [ 'assets/client/images/tagIcon.png', 438, 420 ]
121 silly gunzTarPerm extractEntry assets/dev/branchIcon.svg
122 silly gunzTarPerm modified mode [ 'assets/dev/branchIcon.svg', 438, 420 ]
123 silly gunzTarPerm extractEntry assets/dev/icon.svg
124 silly gunzTarPerm modified mode [ 'assets/dev/icon.svg', 438, 420 ]
125 silly gunzTarPerm extractEntry assets/dev/logo.svg
126 silly gunzTarPerm modified mode [ 'assets/dev/logo.svg', 438, 420 ]
127 silly gunzTarPerm extractEntry assets/dev/logo2.svg
128 silly gunzTarPerm modified mode [ 'assets/dev/logo2.svg', 438, 420 ]
129 silly gunzTarPerm extractEntry assets/dev/logo3.svg
130 silly gunzTarPerm modified mode [ 'assets/dev/logo3.svg', 438, 420 ]
131 silly gunzTarPerm extractEntry assets/dev/logo4.svg
132 silly gunzTarPerm modified mode [ 'assets/dev/logo4.svg', 438, 420 ]
133 silly gunzTarPerm extractEntry assets/dev/remoteIcon.svg
134 silly gunzTarPerm modified mode [ 'assets/dev/remoteIcon.svg', 438, 420 ]
135 silly gunzTarPerm extractEntry assets/dev/tagIcon.svg
136 silly gunzTarPerm modified mode [ 'assets/dev/tagIcon.svg', 438, 420 ]
137 silly gunzTarPerm extractEntry assets/dev/throbber.svg
138 silly gunzTarPerm modified mode [ 'assets/dev/throbber.svg', 438, 420 ]
139 silly gunzTarPerm extractEntry screenshot.png
140 silly gunzTarPerm modified mode [ 'screenshot.png', 438, 420 ]
141 silly gunzTarPerm extractEntry source/address-parser.js
142 silly gunzTarPerm modified mode [ 'source/address-parser.js', 438, 420 ]
143 silly gunzTarPerm extractEntry source/bugsense.js
144 silly gunzTarPerm modified mode [ 'source/bugsense.js', 438, 420 ]
145 silly gunzTarPerm extractEntry source/config.js
146 silly gunzTarPerm modified mode [ 'source/config.js', 438, 420 ]
147 silly gunzTarPerm extractEntry source/gerrit.js
148 silly gunzTarPerm modified mode [ 'source/gerrit.js', 438, 420 ]
149 silly gunzTarPerm extractEntry source/git-api.js
150 silly gunzTarPerm modified mode [ 'source/git-api.js', 438, 420 ]
151 silly gunzTarPerm extractEntry source/git-parser.js
152 silly gunzTarPerm modified mode [ 'source/git-parser.js', 438, 420 ]
153 silly gunzTarPerm extractEntry source/git.js
154 silly gunzTarPerm modified mode [ 'source/git.js', 438, 420 ]
155 silly gunzTarPerm extractEntry source/server.js
156 silly gunzTarPerm modified mode [ 'source/server.js', 438, 420 ]
157 silly gunzTarPerm extractEntry source/version.js
158 silly gunzTarPerm modified mode [ 'source/version.js', 438, 420 ]
159 silly lockFile 371d1526-46523-0-5388509454205632-package tar:///home/william/tmp/npm-7513-26JXNt0T/1379019146523-0.5388509454205632/package
160 silly lockFile 371d1526-46523-0-5388509454205632-package tar:///home/william/tmp/npm-7513-26JXNt0T/1379019146523-0.5388509454205632/package
161 silly lockFile 65be13c1-46523-0-5388509454205632-tmp-tgz tar:///home/william/tmp/npm-7513-26JXNt0T/1379019146523-0.5388509454205632/tmp.tgz
162 silly lockFile 65be13c1-46523-0-5388509454205632-tmp-tgz tar:///home/william/tmp/npm-7513-26JXNt0T/1379019146523-0.5388509454205632/tmp.tgz
163 verbose tar pack [ '/home/william/.npm/ungit/0.1.9/package.tgz',
163 verbose tar pack   '/home/william/tmp/npm-7513-26JXNt0T/1379019146523-0.5388509454205632/package' ]
164 verbose tarball /home/william/.npm/ungit/0.1.9/package.tgz
165 verbose folder /home/william/tmp/npm-7513-26JXNt0T/1379019146523-0.5388509454205632/package
166 silly lockFile 371d1526-46523-0-5388509454205632-package tar:///home/william/tmp/npm-7513-26JXNt0T/1379019146523-0.5388509454205632/package
167 verbose lock tar:///home/william/tmp/npm-7513-26JXNt0T/1379019146523-0.5388509454205632/package /home/william/.npm/371d1526-46523-0-5388509454205632-package.lock
168 silly lockFile 4570c844-liam-npm-ungit-0-1-9-package-tgz tar:///home/william/.npm/ungit/0.1.9/package.tgz
169 verbose lock tar:///home/william/.npm/ungit/0.1.9/package.tgz /home/william/.npm/4570c844-liam-npm-ungit-0-1-9-package-tgz.lock
170 silly lockFile 371d1526-46523-0-5388509454205632-package tar:///home/william/tmp/npm-7513-26JXNt0T/1379019146523-0.5388509454205632/package
171 silly lockFile 371d1526-46523-0-5388509454205632-package tar:///home/william/tmp/npm-7513-26JXNt0T/1379019146523-0.5388509454205632/package
172 silly lockFile 4570c844-liam-npm-ungit-0-1-9-package-tgz tar:///home/william/.npm/ungit/0.1.9/package.tgz
173 silly lockFile 4570c844-liam-npm-ungit-0-1-9-package-tgz tar:///home/william/.npm/ungit/0.1.9/package.tgz
174 silly lockFile 06ea0ca5--william-npm-ungit-0-1-9-package /home/william/.npm/ungit/0.1.9/package
175 verbose lock /home/william/.npm/ungit/0.1.9/package /home/william/.npm/06ea0ca5--william-npm-ungit-0-1-9-package.lock
176 silly lockFile 06ea0ca5--william-npm-ungit-0-1-9-package /home/william/.npm/ungit/0.1.9/package
177 silly lockFile 06ea0ca5--william-npm-ungit-0-1-9-package /home/william/.npm/ungit/0.1.9/package
178 verbose tar unpack /home/william/.npm/ungit/0.1.9/package.tgz
179 silly lockFile b96d8b5c--william-npm-ungit-0-1-9-package tar:///home/william/.npm/ungit/0.1.9/package
180 verbose lock tar:///home/william/.npm/ungit/0.1.9/package /home/william/.npm/b96d8b5c--william-npm-ungit-0-1-9-package.lock
181 silly lockFile 4570c844-liam-npm-ungit-0-1-9-package-tgz tar:///home/william/.npm/ungit/0.1.9/package.tgz
182 verbose lock tar:///home/william/.npm/ungit/0.1.9/package.tgz /home/william/.npm/4570c844-liam-npm-ungit-0-1-9-package-tgz.lock
183 silly gunzTarPerm modes [ '755', '644' ]
184 silly gunzTarPerm extractEntry package.json
185 silly gunzTarPerm extractEntry .npmignore
186 silly gunzTarPerm extractEntry README.md
187 silly gunzTarPerm extractEntry bin/credentials-helper
188 silly gunzTarPerm extractEntry bin/ungit
189 silly gunzTarPerm extractEntry assets/client/images/branchIcon.png
190 silly gunzTarPerm extractEntry assets/client/images/logBoxHoverArrowRight.png
191 silly gunzTarPerm extractEntry assets/client/images/logo.png
192 silly gunzTarPerm extractEntry assets/client/images/logoLarge.png
193 silly gunzTarPerm extractEntry assets/client/images/panelArrowRight.png
194 silly gunzTarPerm extractEntry assets/client/images/remoteIcon.png
195 silly gunzTarPerm extractEntry assets/client/images/repositoryBackgroundArrowUp.png
196 silly gunzTarPerm extractEntry assets/client/images/shadowArrowRight.png
197 silly gunzTarPerm extractEntry assets/client/images/stagingArrowDown.png
198 silly gunzTarPerm extractEntry assets/client/images/tagIcon.png
199 silly gunzTarPerm extractEntry assets/dev/branchIcon.svg
200 silly gunzTarPerm extractEntry assets/dev/icon.svg
201 silly gunzTarPerm extractEntry assets/dev/logo.svg
202 silly gunzTarPerm extractEntry assets/dev/logo2.svg
203 silly gunzTarPerm extractEntry assets/dev/logo3.svg
204 silly gunzTarPerm extractEntry assets/dev/logo4.svg
205 silly gunzTarPerm extractEntry assets/dev/remoteIcon.svg
206 silly gunzTarPerm extractEntry assets/dev/tagIcon.svg
207 silly gunzTarPerm extractEntry assets/dev/throbber.svg
208 silly gunzTarPerm extractEntry .travis.yml
209 silly gunzTarPerm extractEntry clicktests/clicktests.js
210 silly gunzTarPerm extractEntry .nodemonignore
211 silly gunzTarPerm extractEntry public/css/styles.css
212 silly gunzTarPerm extractEntry public/favicon.ico
213 silly gunzTarPerm extractEntry public/fonts/OpenSans.woff
214 silly gunzTarPerm extractEntry public/fonts/SourceCodePro-Medium.woff
215 silly gunzTarPerm extractEntry public/fonts/glyphiconshalflings-regular.eot
216 silly gunzTarPerm extractEntry public/fonts/glyphiconshalflings-regular.otf
217 silly gunzTarPerm extractEntry public/fonts/glyphiconshalflings-regular.svg
218 silly gunzTarPerm extractEntry public/fonts/glyphiconshalflings-regular.ttf
219 silly gunzTarPerm extractEntry public/fonts/glyphiconshalflings-regular.woff
220 silly gunzTarPerm extractEntry public/images/branchIcon.png
221 silly gunzTarPerm extractEntry public/images/logBoxHoverArrowRight.png
222 silly gunzTarPerm extractEntry public/images/logo.png
223 silly gunzTarPerm extractEntry public/images/logoLarge.png
224 silly gunzTarPerm extractEntry public/images/panelArrowRight.png
225 silly gunzTarPerm extractEntry public/images/remoteIcon.png
226 silly gunzTarPerm extractEntry public/images/repositoryBackgroundArrowUp.png
227 silly gunzTarPerm extractEntry public/images/shadowArrowRight.png
228 silly gunzTarPerm extractEntry public/images/stagingArrowDown.png
229 silly gunzTarPerm extractEntry public/images/tagIcon.png
230 silly gunzTarPerm extractEntry public/index.html
231 silly gunzTarPerm extractEntry public/js/bugsense.js
232 silly gunzTarPerm extractEntry public/js/ungit.js
233 silly gunzTarPerm extractEntry screenshot.png
234 silly gunzTarPerm extractEntry source/address-parser.js
235 silly gunzTarPerm extractEntry source/bugsense.js
236 silly gunzTarPerm extractEntry source/config.js
237 silly gunzTarPerm extractEntry source/gerrit.js
238 silly gunzTarPerm extractEntry source/git-api.js
239 silly gunzTarPerm extractEntry source/git-parser.js
240 silly gunzTarPerm extractEntry source/git.js
241 silly gunzTarPerm extractEntry source/server.js
242 silly gunzTarPerm extractEntry source/version.js
243 silly lockFile b96d8b5c--william-npm-ungit-0-1-9-package tar:///home/william/.npm/ungit/0.1.9/package
244 silly lockFile b96d8b5c--william-npm-ungit-0-1-9-package tar:///home/william/.npm/ungit/0.1.9/package
245 silly lockFile 4570c844-liam-npm-ungit-0-1-9-package-tgz tar:///home/william/.npm/ungit/0.1.9/package.tgz
246 silly lockFile 4570c844-liam-npm-ungit-0-1-9-package-tgz tar:///home/william/.npm/ungit/0.1.9/package.tgz
247 verbose chmod /home/william/.npm/ungit/0.1.9/package.tgz 644
248 verbose chown /home/william/.npm/ungit/0.1.9/package.tgz [ 1000, 1000 ]
249 silly lockFile 70c640f5--npmjs-org-ungit-ungit-0-1-9-tgz https://registry.npmjs.org/ungit/-/ungit-0.1.9.tgz
250 silly lockFile 70c640f5--npmjs-org-ungit-ungit-0-1-9-tgz https://registry.npmjs.org/ungit/-/ungit-0.1.9.tgz
251 silly lockFile 4c99bd15-ungit-0-1-9 ungit@0.1.9
252 silly lockFile 4c99bd15-ungit-0-1-9 ungit@0.1.9
253 silly lockFile cfb0c8f1-ungit ungit@*
254 silly lockFile cfb0c8f1-ungit ungit@*
255 info outdated updating [ [ '/usr/lib', 'ungit', '0.1.6', '0.1.9', '*' ] ]
256 verbose install where,what [ '/usr/lib', [ 'ungit@0.1.9' ] ]
257 verbose cache add [ 'ungit@0.1.9', null ]
258 verbose cache add name=undefined spec="ungit@0.1.9" args=["ungit@0.1.9",null]
259 verbose parsed url { protocol: null,
259 verbose parsed url   slashes: null,
259 verbose parsed url   auth: null,
259 verbose parsed url   host: null,
259 verbose parsed url   port: null,
259 verbose parsed url   hostname: null,
259 verbose parsed url   hash: null,
259 verbose parsed url   search: null,
259 verbose parsed url   query: null,
259 verbose parsed url   pathname: 'ungit@0.1.9',
259 verbose parsed url   path: 'ungit@0.1.9',
259 verbose parsed url   href: 'ungit@0.1.9' }
260 verbose cache add name="ungit" spec="0.1.9" args=["ungit","0.1.9"]
261 verbose parsed url { protocol: null,
261 verbose parsed url   slashes: null,
261 verbose parsed url   auth: null,
261 verbose parsed url   host: null,
261 verbose parsed url   port: null,
261 verbose parsed url   hostname: null,
261 verbose parsed url   hash: null,
261 verbose parsed url   search: null,
261 verbose parsed url   query: null,
261 verbose parsed url   pathname: '0.1.9',
261 verbose parsed url   path: '0.1.9',
261 verbose parsed url   href: '0.1.9' }
262 verbose addNamed [ 'ungit', '0.1.9' ]
263 verbose addNamed [ '0.1.9', '0.1.9' ]
264 silly lockFile 4c99bd15-ungit-0-1-9 ungit@0.1.9
265 verbose lock ungit@0.1.9 /home/william/.npm/4c99bd15-ungit-0-1-9.lock
266 verbose url raw ungit/0.1.9
267 verbose url resolving [ 'https://registry.npmjs.org/', './ungit/0.1.9' ]
268 verbose url resolved https://registry.npmjs.org/ungit/0.1.9
269 info trying registry request attempt 1 at 21:52:29
270 http GET https://registry.npmjs.org/ungit/0.1.9
271 http 200 https://registry.npmjs.org/ungit/0.1.9
272 silly registry.get cb [ 200,
272 silly registry.get   { vary: 'Accept',
272 silly registry.get     server: 'CouchDB/1.3.1 (Erlang OTP/R15B03)',
272 silly registry.get     etag: '"8DFBGET8ZY28F5HOYIY807KA0"',
272 silly registry.get     date: 'Thu, 12 Sep 2013 20:52:30 GMT',
272 silly registry.get     'content-type': 'application/json',
272 silly registry.get     'content-length': '4896' } ]
273 silly lockFile 70c640f5--npmjs-org-ungit-ungit-0-1-9-tgz https://registry.npmjs.org/ungit/-/ungit-0.1.9.tgz
274 verbose lock https://registry.npmjs.org/ungit/-/ungit-0.1.9.tgz /home/william/.npm/70c640f5--npmjs-org-ungit-ungit-0-1-9-tgz.lock
275 verbose addRemoteTarball [ 'https://registry.npmjs.org/ungit/-/ungit-0.1.9.tgz',
275 verbose addRemoteTarball   'baaf00ecf4313123f9d2770048c938d47d461896' ]
276 info retry fetch attempt 1 at 21:52:30
277 verbose fetch to= /home/william/tmp/npm-7513-26JXNt0T/1379019150052-0.7397705246694386/tmp.tgz
278 http GET https://registry.npmjs.org/ungit/-/ungit-0.1.9.tgz
279 http 200 https://registry.npmjs.org/ungit/-/ungit-0.1.9.tgz
280 verbose tar unpack /home/william/tmp/npm-7513-26JXNt0T/1379019150052-0.7397705246694386/tmp.tgz
281 silly lockFile 66fa9806-50052-0-7397705246694386-package tar:///home/william/tmp/npm-7513-26JXNt0T/1379019150052-0.7397705246694386/package
282 verbose lock tar:///home/william/tmp/npm-7513-26JXNt0T/1379019150052-0.7397705246694386/package /home/william/.npm/66fa9806-50052-0-7397705246694386-package.lock
283 silly lockFile a563dcb3-50052-0-7397705246694386-tmp-tgz tar:///home/william/tmp/npm-7513-26JXNt0T/1379019150052-0.7397705246694386/tmp.tgz
284 verbose lock tar:///home/william/tmp/npm-7513-26JXNt0T/1379019150052-0.7397705246694386/tmp.tgz /home/william/.npm/a563dcb3-50052-0-7397705246694386-tmp-tgz.lock
285 silly gunzTarPerm modes [ '755', '644' ]
286 silly gunzTarPerm extractEntry package.json
287 silly gunzTarPerm modified mode [ 'package.json', 438, 420 ]
288 silly gunzTarPerm extractEntry .npmignore
289 silly gunzTarPerm modified mode [ '.npmignore', 438, 420 ]
290 silly gunzTarPerm extractEntry README.md
291 silly gunzTarPerm modified mode [ 'README.md', 438, 420 ]
292 silly gunzTarPerm extractEntry clicktests/clicktests.js
293 silly gunzTarPerm modified mode [ 'clicktests/clicktests.js', 438, 420 ]
294 silly gunzTarPerm extractEntry bin/credentials-helper
295 silly gunzTarPerm modified mode [ 'bin/credentials-helper', 438, 420 ]
296 silly gunzTarPerm extractEntry bin/ungit
297 silly gunzTarPerm modified mode [ 'bin/ungit', 438, 420 ]
298 silly gunzTarPerm extractEntry .nodemonignore
299 silly gunzTarPerm modified mode [ '.nodemonignore', 438, 420 ]
300 silly gunzTarPerm extractEntry .travis.yml
301 silly gunzTarPerm modified mode [ '.travis.yml', 438, 420 ]
302 silly gunzTarPerm extractEntry public/css/styles.css
303 silly gunzTarPerm modified mode [ 'public/css/styles.css', 438, 420 ]
304 silly gunzTarPerm extractEntry public/favicon.ico
305 silly gunzTarPerm modified mode [ 'public/favicon.ico', 438, 420 ]
306 silly gunzTarPerm extractEntry public/fonts/glyphiconshalflings-regular.eot
307 silly gunzTarPerm modified mode [ 'public/fonts/glyphiconshalflings-regular.eot', 438, 420 ]
308 silly gunzTarPerm extractEntry public/fonts/glyphiconshalflings-regular.otf
309 silly gunzTarPerm modified mode [ 'public/fonts/glyphiconshalflings-regular.otf', 438, 420 ]
310 silly gunzTarPerm extractEntry public/fonts/glyphiconshalflings-regular.svg
311 silly gunzTarPerm modified mode [ 'public/fonts/glyphiconshalflings-regular.svg', 438, 420 ]
312 silly gunzTarPerm extractEntry public/fonts/glyphiconshalflings-regular.ttf
313 silly gunzTarPerm modified mode [ 'public/fonts/glyphiconshalflings-regular.ttf', 438, 420 ]
314 silly gunzTarPerm extractEntry public/fonts/glyphiconshalflings-regular.woff
315 silly gunzTarPerm modified mode [ 'public/fonts/glyphiconshalflings-regular.woff', 438, 420 ]
316 silly gunzTarPerm extractEntry public/fonts/OpenSans.woff
317 silly gunzTarPerm modified mode [ 'public/fonts/OpenSans.woff', 438, 420 ]
318 silly gunzTarPerm extractEntry public/fonts/SourceCodePro-Medium.woff
319 silly gunzTarPerm modified mode [ 'public/fonts/SourceCodePro-Medium.woff', 438, 420 ]
320 silly gunzTarPerm extractEntry public/images/branchIcon.png
321 silly gunzTarPerm modified mode [ 'public/images/branchIcon.png', 438, 420 ]
322 silly gunzTarPerm extractEntry public/images/logBoxHoverArrowRight.png
323 silly gunzTarPerm modified mode [ 'public/images/logBoxHoverArrowRight.png', 438, 420 ]
324 silly gunzTarPerm extractEntry public/images/logo.png
325 silly gunzTarPerm modified mode [ 'public/images/logo.png', 438, 420 ]
326 silly gunzTarPerm extractEntry public/images/logoLarge.png
327 silly gunzTarPerm modified mode [ 'public/images/logoLarge.png', 438, 420 ]
328 silly gunzTarPerm extractEntry public/images/panelArrowRight.png
329 silly gunzTarPerm modified mode [ 'public/images/panelArrowRight.png', 438, 420 ]
330 silly gunzTarPerm extractEntry public/images/remoteIcon.png
331 silly gunzTarPerm modified mode [ 'public/images/remoteIcon.png', 438, 420 ]
332 silly gunzTarPerm extractEntry public/images/repositoryBackgroundArrowUp.png
333 silly gunzTarPerm modified mode [ 'public/images/repositoryBackgroundArrowUp.png', 438, 420 ]
334 silly gunzTarPerm extractEntry public/images/shadowArrowRight.png
335 silly gunzTarPerm modified mode [ 'public/images/shadowArrowRight.png', 438, 420 ]
336 silly gunzTarPerm extractEntry public/images/stagingArrowDown.png
337 silly gunzTarPerm modified mode [ 'public/images/stagingArrowDown.png', 438, 420 ]
338 silly gunzTarPerm extractEntry public/images/tagIcon.png
339 silly gunzTarPerm modified mode [ 'public/images/tagIcon.png', 438, 420 ]
340 silly gunzTarPerm extractEntry public/index.html
341 silly gunzTarPerm modified mode [ 'public/index.html', 438, 420 ]
342 silly gunzTarPerm extractEntry public/js/bugsense.js
343 silly gunzTarPerm modified mode [ 'public/js/bugsense.js', 438, 420 ]
344 silly gunzTarPerm extractEntry public/js/ungit.js
345 silly gunzTarPerm modified mode [ 'public/js/ungit.js', 438, 420 ]
346 silly gunzTarPerm extractEntry assets/client/images/branchIcon.png
347 silly gunzTarPerm modified mode [ 'assets/client/images/branchIcon.png', 438, 420 ]
348 silly gunzTarPerm extractEntry assets/client/images/logBoxHoverArrowRight.png
349 silly gunzTarPerm modified mode [ 'assets/client/images/logBoxHoverArrowRight.png', 438, 420 ]
350 silly gunzTarPerm extractEntry assets/client/images/logo.png
351 silly gunzTarPerm modified mode [ 'assets/client/images/logo.png', 438, 420 ]
352 silly gunzTarPerm extractEntry assets/client/images/logoLarge.png
353 silly gunzTarPerm modified mode [ 'assets/client/images/logoLarge.png', 438, 420 ]
354 silly gunzTarPerm extractEntry assets/client/images/panelArrowRight.png
355 silly gunzTarPerm modified mode [ 'assets/client/images/panelArrowRight.png', 438, 420 ]
356 silly gunzTarPerm extractEntry assets/client/images/remoteIcon.png
357 silly gunzTarPerm modified mode [ 'assets/client/images/remoteIcon.png', 438, 420 ]
358 silly gunzTarPerm extractEntry assets/client/images/repositoryBackgroundArrowUp.png
359 silly gunzTarPerm modified mode [ 'assets/client/images/repositoryBackgroundArrowUp.png',
359 silly gunzTarPerm   438,
359 silly gunzTarPerm   420 ]
360 silly gunzTarPerm extractEntry assets/client/images/shadowArrowRight.png
361 silly gunzTarPerm modified mode [ 'assets/client/images/shadowArrowRight.png', 438, 420 ]
362 silly gunzTarPerm extractEntry assets/client/images/stagingArrowDown.png
363 silly gunzTarPerm modified mode [ 'assets/client/images/stagingArrowDown.png', 438, 420 ]
364 silly gunzTarPerm extractEntry assets/client/images/tagIcon.png
365 silly gunzTarPerm modified mode [ 'assets/client/images/tagIcon.png', 438, 420 ]
366 silly gunzTarPerm extractEntry assets/dev/branchIcon.svg
367 silly gunzTarPerm modified mode [ 'assets/dev/branchIcon.svg', 438, 420 ]
368 silly gunzTarPerm extractEntry assets/dev/icon.svg
369 silly gunzTarPerm modified mode [ 'assets/dev/icon.svg', 438, 420 ]
370 silly gunzTarPerm extractEntry assets/dev/logo.svg
371 silly gunzTarPerm modified mode [ 'assets/dev/logo.svg', 438, 420 ]
372 silly gunzTarPerm extractEntry assets/dev/logo2.svg
373 silly gunzTarPerm modified mode [ 'assets/dev/logo2.svg', 438, 420 ]
374 silly gunzTarPerm extractEntry assets/dev/logo3.svg
375 silly gunzTarPerm modified mode [ 'assets/dev/logo3.svg', 438, 420 ]
376 silly gunzTarPerm extractEntry assets/dev/logo4.svg
377 silly gunzTarPerm modified mode [ 'assets/dev/logo4.svg', 438, 420 ]
378 silly gunzTarPerm extractEntry assets/dev/remoteIcon.svg
379 silly gunzTarPerm modified mode [ 'assets/dev/remoteIcon.svg', 438, 420 ]
380 silly gunzTarPerm extractEntry assets/dev/tagIcon.svg
381 silly gunzTarPerm modified mode [ 'assets/dev/tagIcon.svg', 438, 420 ]
382 silly gunzTarPerm extractEntry assets/dev/throbber.svg
383 silly gunzTarPerm modified mode [ 'assets/dev/throbber.svg', 438, 420 ]
384 silly gunzTarPerm extractEntry screenshot.png
385 silly gunzTarPerm modified mode [ 'screenshot.png', 438, 420 ]
386 silly gunzTarPerm extractEntry source/address-parser.js
387 silly gunzTarPerm modified mode [ 'source/address-parser.js', 438, 420 ]
388 silly gunzTarPerm extractEntry source/bugsense.js
389 silly gunzTarPerm modified mode [ 'source/bugsense.js', 438, 420 ]
390 silly gunzTarPerm extractEntry source/config.js
391 silly gunzTarPerm modified mode [ 'source/config.js', 438, 420 ]
392 silly gunzTarPerm extractEntry source/gerrit.js
393 silly gunzTarPerm modified mode [ 'source/gerrit.js', 438, 420 ]
394 silly gunzTarPerm extractEntry source/git-api.js
395 silly gunzTarPerm modified mode [ 'source/git-api.js', 438, 420 ]
396 silly gunzTarPerm extractEntry source/git-parser.js
397 silly gunzTarPerm modified mode [ 'source/git-parser.js', 438, 420 ]
398 silly gunzTarPerm extractEntry source/git.js
399 silly gunzTarPerm modified mode [ 'source/git.js', 438, 420 ]
400 silly gunzTarPerm extractEntry source/server.js
401 silly gunzTarPerm modified mode [ 'source/server.js', 438, 420 ]
402 silly gunzTarPerm extractEntry source/version.js
403 silly gunzTarPerm modified mode [ 'source/version.js', 438, 420 ]
404 silly lockFile 66fa9806-50052-0-7397705246694386-package tar:///home/william/tmp/npm-7513-26JXNt0T/1379019150052-0.7397705246694386/package
405 silly lockFile 66fa9806-50052-0-7397705246694386-package tar:///home/william/tmp/npm-7513-26JXNt0T/1379019150052-0.7397705246694386/package
406 silly lockFile a563dcb3-50052-0-7397705246694386-tmp-tgz tar:///home/william/tmp/npm-7513-26JXNt0T/1379019150052-0.7397705246694386/tmp.tgz
407 silly lockFile a563dcb3-50052-0-7397705246694386-tmp-tgz tar:///home/william/tmp/npm-7513-26JXNt0T/1379019150052-0.7397705246694386/tmp.tgz
408 verbose tar pack [ '/home/william/.npm/ungit/0.1.9/package.tgz',
408 verbose tar pack   '/home/william/tmp/npm-7513-26JXNt0T/1379019150052-0.7397705246694386/package' ]
409 verbose tarball /home/william/.npm/ungit/0.1.9/package.tgz
410 verbose folder /home/william/tmp/npm-7513-26JXNt0T/1379019150052-0.7397705246694386/package
411 silly lockFile 66fa9806-50052-0-7397705246694386-package tar:///home/william/tmp/npm-7513-26JXNt0T/1379019150052-0.7397705246694386/package
412 verbose lock tar:///home/william/tmp/npm-7513-26JXNt0T/1379019150052-0.7397705246694386/package /home/william/.npm/66fa9806-50052-0-7397705246694386-package.lock
413 silly lockFile 4570c844-liam-npm-ungit-0-1-9-package-tgz tar:///home/william/.npm/ungit/0.1.9/package.tgz
414 verbose lock tar:///home/william/.npm/ungit/0.1.9/package.tgz /home/william/.npm/4570c844-liam-npm-ungit-0-1-9-package-tgz.lock
415 silly lockFile 66fa9806-50052-0-7397705246694386-package tar:///home/william/tmp/npm-7513-26JXNt0T/1379019150052-0.7397705246694386/package
416 silly lockFile 66fa9806-50052-0-7397705246694386-package tar:///home/william/tmp/npm-7513-26JXNt0T/1379019150052-0.7397705246694386/package
417 silly lockFile 4570c844-liam-npm-ungit-0-1-9-package-tgz tar:///home/william/.npm/ungit/0.1.9/package.tgz
418 silly lockFile 4570c844-liam-npm-ungit-0-1-9-package-tgz tar:///home/william/.npm/ungit/0.1.9/package.tgz
419 silly lockFile 06ea0ca5--william-npm-ungit-0-1-9-package /home/william/.npm/ungit/0.1.9/package
420 verbose lock /home/william/.npm/ungit/0.1.9/package /home/william/.npm/06ea0ca5--william-npm-ungit-0-1-9-package.lock
421 silly lockFile 06ea0ca5--william-npm-ungit-0-1-9-package /home/william/.npm/ungit/0.1.9/package
422 silly lockFile 06ea0ca5--william-npm-ungit-0-1-9-package /home/william/.npm/ungit/0.1.9/package
423 verbose tar unpack /home/william/.npm/ungit/0.1.9/package.tgz
424 silly lockFile b96d8b5c--william-npm-ungit-0-1-9-package tar:///home/william/.npm/ungit/0.1.9/package
425 verbose lock tar:///home/william/.npm/ungit/0.1.9/package /home/william/.npm/b96d8b5c--william-npm-ungit-0-1-9-package.lock
426 silly lockFile 4570c844-liam-npm-ungit-0-1-9-package-tgz tar:///home/william/.npm/ungit/0.1.9/package.tgz
427 verbose lock tar:///home/william/.npm/ungit/0.1.9/package.tgz /home/william/.npm/4570c844-liam-npm-ungit-0-1-9-package-tgz.lock
428 silly gunzTarPerm modes [ '755', '644' ]
429 silly gunzTarPerm extractEntry package.json
430 silly gunzTarPerm extractEntry .npmignore
431 silly gunzTarPerm extractEntry README.md
432 silly gunzTarPerm extractEntry bin/credentials-helper
433 silly gunzTarPerm extractEntry bin/ungit
434 silly gunzTarPerm extractEntry assets/client/images/branchIcon.png
435 silly gunzTarPerm extractEntry assets/client/images/logBoxHoverArrowRight.png
436 silly gunzTarPerm extractEntry assets/client/images/logo.png
437 silly gunzTarPerm extractEntry assets/client/images/logoLarge.png
438 silly gunzTarPerm extractEntry assets/client/images/panelArrowRight.png
439 silly gunzTarPerm extractEntry assets/client/images/remoteIcon.png
440 silly gunzTarPerm extractEntry assets/client/images/repositoryBackgroundArrowUp.png
441 silly gunzTarPerm extractEntry assets/client/images/shadowArrowRight.png
442 silly gunzTarPerm extractEntry assets/client/images/stagingArrowDown.png
443 silly gunzTarPerm extractEntry assets/client/images/tagIcon.png
444 silly gunzTarPerm extractEntry assets/dev/branchIcon.svg
445 silly gunzTarPerm extractEntry assets/dev/icon.svg
446 silly gunzTarPerm extractEntry assets/dev/logo.svg
447 silly gunzTarPerm extractEntry assets/dev/logo2.svg
448 silly gunzTarPerm extractEntry assets/dev/logo3.svg
449 silly gunzTarPerm extractEntry assets/dev/logo4.svg
450 silly gunzTarPerm extractEntry assets/dev/remoteIcon.svg
451 silly gunzTarPerm extractEntry assets/dev/tagIcon.svg
452 silly gunzTarPerm extractEntry assets/dev/throbber.svg
453 silly gunzTarPerm extractEntry .travis.yml
454 silly gunzTarPerm extractEntry clicktests/clicktests.js
455 silly gunzTarPerm extractEntry .nodemonignore
456 silly gunzTarPerm extractEntry public/css/styles.css
457 silly gunzTarPerm extractEntry public/favicon.ico
458 silly gunzTarPerm extractEntry public/fonts/OpenSans.woff
459 silly gunzTarPerm extractEntry public/fonts/SourceCodePro-Medium.woff
460 silly gunzTarPerm extractEntry public/fonts/glyphiconshalflings-regular.eot
461 silly gunzTarPerm extractEntry public/fonts/glyphiconshalflings-regular.otf
462 silly gunzTarPerm extractEntry public/fonts/glyphiconshalflings-regular.svg
463 silly gunzTarPerm extractEntry public/fonts/glyphiconshalflings-regular.ttf
464 silly gunzTarPerm extractEntry public/fonts/glyphiconshalflings-regular.woff
465 silly gunzTarPerm extractEntry public/images/branchIcon.png
466 silly gunzTarPerm extractEntry public/images/logBoxHoverArrowRight.png
467 silly gunzTarPerm extractEntry public/images/logo.png
468 silly gunzTarPerm extractEntry public/images/logoLarge.png
469 silly gunzTarPerm extractEntry public/images/panelArrowRight.png
470 silly gunzTarPerm extractEntry public/images/remoteIcon.png
471 silly gunzTarPerm extractEntry public/images/repositoryBackgroundArrowUp.png
472 silly gunzTarPerm extractEntry public/images/shadowArrowRight.png
473 silly gunzTarPerm extractEntry public/images/stagingArrowDown.png
474 silly gunzTarPerm extractEntry public/images/tagIcon.png
475 silly gunzTarPerm extractEntry public/index.html
476 silly gunzTarPerm extractEntry public/js/bugsense.js
477 silly gunzTarPerm extractEntry public/js/ungit.js
478 silly gunzTarPerm extractEntry screenshot.png
479 silly gunzTarPerm extractEntry source/address-parser.js
480 silly gunzTarPerm extractEntry source/bugsense.js
481 silly gunzTarPerm extractEntry source/config.js
482 silly gunzTarPerm extractEntry source/gerrit.js
483 silly gunzTarPerm extractEntry source/git-api.js
484 silly gunzTarPerm extractEntry source/git-parser.js
485 silly gunzTarPerm extractEntry source/git.js
486 silly gunzTarPerm extractEntry source/server.js
487 silly gunzTarPerm extractEntry source/version.js
488 silly lockFile b96d8b5c--william-npm-ungit-0-1-9-package tar:///home/william/.npm/ungit/0.1.9/package
489 silly lockFile b96d8b5c--william-npm-ungit-0-1-9-package tar:///home/william/.npm/ungit/0.1.9/package
490 silly lockFile 4570c844-liam-npm-ungit-0-1-9-package-tgz tar:///home/william/.npm/ungit/0.1.9/package.tgz
491 silly lockFile 4570c844-liam-npm-ungit-0-1-9-package-tgz tar:///home/william/.npm/ungit/0.1.9/package.tgz
492 verbose chmod /home/william/.npm/ungit/0.1.9/package.tgz 644
493 verbose chown /home/william/.npm/ungit/0.1.9/package.tgz [ 1000, 1000 ]
494 silly lockFile 70c640f5--npmjs-org-ungit-ungit-0-1-9-tgz https://registry.npmjs.org/ungit/-/ungit-0.1.9.tgz
495 silly lockFile 70c640f5--npmjs-org-ungit-ungit-0-1-9-tgz https://registry.npmjs.org/ungit/-/ungit-0.1.9.tgz
496 silly lockFile 4c99bd15-ungit-0-1-9 ungit@0.1.9
497 silly lockFile 4c99bd15-ungit-0-1-9 ungit@0.1.9
498 silly resolved [ { name: 'ungit',
498 silly resolved     author: { name: 'Fredrik Norén', email: 'fredrik.jw.noren@gmail.com' },
498 silly resolved     description: 'Git made easy',
498 silly resolved     version: '0.1.9',
498 silly resolved     scripts: { start: 'node ./bin/ungit', test: 'grunt test' },
498 silly resolved     repository:
498 silly resolved      { type: 'git',
498 silly resolved        url: 'https://github.com/FredrikNoren/ungit.git' },
498 silly resolved     bin: { ungit: './bin/ungit' },
498 silly resolved     main: './source/server',
498 silly resolved     dependencies:
498 silly resolved      { express: '3.2.6',
498 silly resolved        superagent: '0.14.7',
498 silly resolved        underscore: '1.4.4',
498 silly resolved        temp: '0.5.0',
498 silly resolved        watchr: '2.4.3',
498 silly resolved        'socket.io': '0.9.16',
498 silly resolved        moment: '2.0.0',
498 silly resolved        async: '0.2.9',
498 silly resolved        ssh2: '0.2.8',
498 silly resolved        rc: '0.3.0',
498 silly resolved        uuid: '1.4.1',
498 silly resolved        winston: '0.7.1',
498 silly resolved        passport: '0.1.17',
498 silly resolved        'passport-local': '0.1.6',
498 silly resolved        npm: '1.3.1',
498 silly resolved        semver: '2.0.8',
498 silly resolved        'forever-monitor': '1.1.0',
498 silly resolved        open: '0.0.4',
498 silly resolved        optimist: '0.6.0',
498 silly resolved        crossroads: '~0.12.0',
498 silly resolved        signals: '~1.0.0',
498 silly resolved        hasher: '~1.1.4',
498 silly resolved        'blueimp-md5': '~1.0.3' },
498 silly resolved     devDependencies:
498 silly resolved      { mocha: '1.11.0',
498 silly resolved        'expect.js': '0.2.0',
498 silly resolved        supertest: '0.7.0',
498 silly resolved        grunt: '0.4.1',
498 silly resolved        'grunt-contrib-less': '0.7.0',
498 silly resolved        'grunt-contrib-watch': '0.5.1',
498 silly resolved        'grunt-lineending': '0.2.1',
498 silly resolved        'grunt-release': '0.5.1',
498 silly resolved        'grunt-simple-mocha': '0.4.0',
498 silly resolved        'grunt-plato': '0.2.1',
498 silly resolved        'grunt-contrib-imagemin': '0.2.0',
498 silly resolved        'grunt-image-embed': '0.3.1',
498 silly resolved        'grunt-browserify': '~1.2.4',
498 silly resolved        phantomjs: '~1.9.1-9',
498 silly resolved        'ansi-color': '~0.2.1' },
498 silly resolved     engines: { node: '>=0.10' },
498 silly resolved     license: 'MIT',
498 silly resolved     readme: 'ungit\r\n======\r\n[![NPM version](https://badge.fury.io/js/ungit.png)](http://badge.fury.io/js/ungit)\r\n[![Build Status](https://travis-ci.org/FredrikNoren/ungit.png)](https://travis-ci.org/FredrikNoren/ungit)\r\n\r\nThe easiest way to use git. On any platform. Anywhere.\r\n\r\n * Clean and intuitive UI that makes it easy to _understand_ git.\r\n * Runs on any platform that node.js & git supports.\r\n * Web-based, meaning you can run it on your cloud/pure shell machine and use the ui from your browser (just browse to http://your-cloud-machine.com:8448).\r\n * Works well with GitHub.\r\n * Gerrit integration (view, checkout and push changes from/to gerrit).\r\n\r\nQuick intro to ungit: [http://youtu.be/hkBVAi3oKvo](http://youtu.be/hkBVAi3oKvo)\r\n\r\n[![Screenshot](/screenshot.png)](http://youtu.be/hkBVAi3oKvo)\r\n\r\nInstalling\r\n----------\r\nRequires [node.js](http://nodejs.org) (≥ 0.10), [npm](https://npmjs.org/) (≥ 1.3.1) and [git](http://git-scm.com/) (≥ 1.8.x).\r\n\r\n\tnpm install -g ungit\r\n\r\nUsing\r\n-----\r\nAnywhere you want to start, just type:\r\n\r\n\tungit\r\n\r\nThis will launch the server and open up a browser with the ui.\r\n\r\nConfigure\r\n---------\r\nPut a configuration file called .ungitrc in your home directory (`/home/USERNAME` on *nix, `C:/Users/USERNAME/` on windows). Can be in either json or ini format. See source/config.js for available options.\r\n\r\nYou can also override configuration variables at launch by specifying them as command line arguments; `ungit --port=8080`.\r\n\r\nExample of `~/.ungitrc` configuration file to change default port and enable bugtracking:\r\n\r\n```json\r\n{\r\n\t"port": 8080,\r\n\t"bugtracking": true\r\n}\r\n```\r\n\r\nDeveloping\r\n----------\r\n\r\nIf you decide to install by cloning the repo, make sure to run `npm install` then  `grunt` after cloning (to fetch dependencies, build concatenated files and compile less). If you haven\'t already, you can install grunt by running `npm install -g grunt-cli`.\r\n\r\nOnce you\'ve done that, you can start ungit by running `npm start`. Run the tests with `npm test`.\r\n\r\nLicense (MIT)\r\n-------------\r\n\r\nCopyright (C) 2013 Fredrik Norén\r\n\r\nPermission is hereby granted, free of charge, to any person obtaining a copy of this software and associated documentation files (the "Software"), to deal in the Software without restriction, including without limitation the rights to use, copy, modify, merge, publish, distribute, sublicense, and/or sell copies of the Software, and to permit persons to whom the Software is furnished to do so, subject to the following conditions:\r\n\r\nThe above copyright notice and this permission notice shall be included in all copies or substantial portions of the Software.\r\n\r\nTHE SOFTWARE IS PROVIDED "AS IS", WITHOUT WARRANTY OF ANY KIND, EXPRESS OR IMPLIED, INCLUDING BUT NOT LIMITED TO THE WARRANTIES OF MERCHANTABILITY, FITNESS FOR A PARTICULAR PURPOSE AND NONINFRINGEMENT. IN NO EVENT SHALL THE AUTHORS OR COPYRIGHT HOLDERS BE LIABLE FOR ANY CLAIM, DAMAGES OR OTHER LIABILITY, WHETHER IN AN ACTION OF CONTRACT, TORT OR OTHERWISE, ARISING FROM, OUT OF OR IN CONNECTION WITH THE SOFTWARE OR THE USE OR OTHER DEALINGS IN THE SOFTWARE.\r\n',
498 silly resolved     readmeFilename: 'README.md',
498 silly resolved     bugs: { url: 'https://github.com/FredrikNoren/ungit/issues' },
498 silly resolved     _id: 'ungit@0.1.9',
498 silly resolved     dist: { shasum: '88537beb7e6e4056ae9d016022c4dc855b728b7d' },
498 silly resolved     _from: 'ungit@0.1.9',
498 silly resolved     _resolved: 'https://registry.npmjs.org/ungit/-/ungit-0.1.9.tgz' } ]
499 info install ungit@0.1.9 into /usr/lib
500 info installOne ungit@0.1.9
501 info /usr/lib/node_modules/ungit unbuild
502 info preuninstall ungit@0.1.6
503 info uninstall ungit@0.1.6
504 verbose true,/usr/lib/node_modules,/usr/lib/node_modules unbuild ungit@0.1.6
505 verbose /usr/bin,[object Object] binRoot
506 info /usr/lib/node_modules/ungit unbuild
507 info preuninstall ungit@0.1.6
508 info uninstall ungit@0.1.6
509 verbose true,/usr/lib/node_modules,/usr/lib/node_modules unbuild ungit@0.1.6
510 verbose /usr/bin,[object Object] binRoot
511 error error rolling back Error: EACCES, unlink '/usr/bin/ungit'
511 error error rolling back  ungit@0.1.9 { [Error: EACCES, unlink '/usr/bin/ungit'] errno: 3, code: 'EACCES', path: '/usr/bin/ungit' }
512 error Error: EACCES, unlink '/usr/bin/ungit'
512 error  { [Error: EACCES, unlink '/usr/bin/ungit'] errno: 3, code: 'EACCES', path: '/usr/bin/ungit' }
513 error Please try running this command again as root/Administrator.
514 error System Linux 3.5.0-40-generic
515 error command "/usr/bin/node" "/usr/bin/npm" "update" "-g" "ungit"
516 error cwd /home/william/Documents/Projects/Disce
517 error node -v v0.10.18
518 error npm -v 1.3.8
519 error path /usr/bin/ungit
520 error code EACCES
521 error errno 3
522 error stack Error: EACCES, unlink '/usr/bin/ungit'
523 verbose exit [ 3, true ]
